<?xml version="1.0" encoding="utf-8"?>
<Dictionary>
  <BusinessObjectDataSource Name="Act" ReferenceName="Act" DataType="null" Enabled="true">
    <Column Name="ID" DataType="System.Int64"/>
    <Column Name="AccountID" DataType="System.Int64"/>
    <Column Name="ActNumber" DataType="System.String"/>
    <Column Name="ActDate" DataType="null"/>
    <Column Name="ProductInAct" DataType="System.String"/>
    <Column Name="Account" DataType="null">
      <Column Name="ID" DataType="System.Int64"/>
      <Column Name="OrderID" DataType="System.Int64"/>
      <Column Name="AccountNumber" DataType="System.String"/>
      <Column Name="AccountDate" DataType="null"/>
      <Column Name="ContractorID" DataType="null"/>
      <Column Name="Footing" DataType="System.String"/>
      <Column Name="IsManual" DataType="System.Boolean" BindableControl="CheckBox"/>
      <Column Name="Details" DataType="System.String"/>
      <Column Name="PayBeforeDate" DataType="null"/>
      <Column Name="Order" DataType="null">
        <Column Name="ID" DataType="System.Int64"/>
        <Column Name="Number" DataType="System.String"/>
        <Column Name="ClientID" DataType="System.Int64"/>
        <Column Name="Note" DataType="System.String"/>
        <Column Name="DateAdmission" DataType="null"/>
        <Column Name="DateCompletion" DataType="null"/>
        <Column Name="DateProductionLayout" DataType="null"/>
        <Column Name="OrderEnteredID" DataType="System.Int64"/>
        <Column Name="ManagerID" DataType="null"/>
        <Column Name="DesignerID" DataType="null"/>
        <Column Name="Client" DataType="null">
          <Column Name="ID" DataType="System.Int64"/>
          <Column Name="Name" DataType="System.String"/>
          <Column Name="Profile" DataType="System.String"/>
          <Column Name="IsIndividual" DataType="System.Boolean" BindableControl="CheckBox"/>
          <Column Name="DirectorName" DataType="System.String"/>
          <Column Name="ContactPersonName" DataType="System.String"/>
          <Column Name="PostalAddress" DataType="System.String"/>
          <Column Name="BusinessAddress" DataType="System.String"/>
          <Column Name="ActualAddress" DataType="System.String"/>
          <Column Name="Consignee" DataType="System.String"/>
          <Column Name="INN" DataType="System.String"/>
          <Column Name="KPP" DataType="System.String"/>
          <Column Name="BankAccount" DataType="System.String"/>
          <Column Name="BankID" DataType="null"/>
          <Column Name="IsActive" DataType="System.Boolean" BindableControl="CheckBox"/>
          <Column Name="Note" DataType="System.Byte[]" BindableControl="Picture"/>
          <Column Name="UserID" DataType="System.Int64"/>
          <Column Name="MobilePhone" DataType="System.String"/>
          <Column Name="WorkPhone" DataType="System.String"/>
          <Column Name="Email" DataType="System.String"/>
          <Column Name="Bank" DataType="null"/>
          <Column Name="User" DataType="null"/>
          <BusinessObjectDataSource Name="Orders" Enabled="false" DataType="null"/>
          <Column Name="ClientInfoForAccount" DataType="System.String"/>
          <Column Name="ClientInfoForAct" DataType="System.String"/>
        </Column>
        <Column Name="Designer" DataType="null">
          <Column Name="ID" DataType="System.Int64"/>
          <Column Name="FirstName" DataType="System.String"/>
          <Column Name="LastName" DataType="System.String"/>
          <Column Name="MiddleName" DataType="System.String"/>
          <Column Name="LoginName" DataType="System.String"/>
          <Column Name="RoleID" DataType="System.Int64"/>
          <Column Name="Disabled" DataType="System.Boolean" BindableControl="CheckBox"/>
          <Column Name="CategoryWork" DataType="System.Int16"/>
          <Column Name="IsAdmin" DataType="System.Boolean" BindableControl="CheckBox"/>
          <Column Name="IsExternal" DataType="System.Boolean" BindableControl="CheckBox"/>
          <Column Name="Phone" DataType="System.String"/>
          <Column Name="Email" DataType="System.String"/>
          <Column Name="CardNumber" DataType="System.String"/>
          <Column Name="Role" DataType="null"/>
          <BusinessObjectDataSource Name="Clients" Enabled="false" DataType="null"/>
          <BusinessObjectDataSource Name="OrderDesigners" Enabled="false" DataType="null"/>
          <BusinessObjectDataSource Name="OrderManagers" Enabled="false" DataType="null"/>
          <BusinessObjectDataSource Name="OrderOrderEntereds" Enabled="false" DataType="null"/>
          <Column Name="FullUserName" DataType="System.String"/>
          <Column Name="ShortUserName" DataType="System.String"/>
        </Column>
        <Column Name="Manager" DataType="null">
          <Column Name="ID" DataType="System.Int64"/>
          <Column Name="FirstName" DataType="System.String"/>
          <Column Name="LastName" DataType="System.String"/>
          <Column Name="MiddleName" DataType="System.String"/>
          <Column Name="LoginName" DataType="System.String"/>
          <Column Name="RoleID" DataType="System.Int64"/>
          <Column Name="Disabled" DataType="System.Boolean" BindableControl="CheckBox"/>
          <Column Name="CategoryWork" DataType="System.Int16"/>
          <Column Name="IsAdmin" DataType="System.Boolean" BindableControl="CheckBox"/>
          <Column Name="IsExternal" DataType="System.Boolean" BindableControl="CheckBox"/>
          <Column Name="Phone" DataType="System.String"/>
          <Column Name="Email" DataType="System.String"/>
          <Column Name="CardNumber" DataType="System.String"/>
          <Column Name="Role" DataType="null"/>
          <BusinessObjectDataSource Name="Clients1" Alias="Clients" Enabled="false" DataType="null" PropName="Clients"/>
          <BusinessObjectDataSource Name="OrderDesigners1" Alias="OrderDesigners" Enabled="false" DataType="null" PropName="OrderDesigners"/>
          <BusinessObjectDataSource Name="OrderManagers1" Alias="OrderManagers" Enabled="false" DataType="null" PropName="OrderManagers"/>
          <BusinessObjectDataSource Name="OrderOrderEntereds1" Alias="OrderOrderEntereds" Enabled="false" DataType="null" PropName="OrderOrderEntereds"/>
          <Column Name="FullUserName" DataType="System.String"/>
          <Column Name="ShortUserName" DataType="System.String"/>
        </Column>
        <Column Name="OrderEntered" DataType="null">
          <Column Name="ID" DataType="System.Int64"/>
          <Column Name="FirstName" DataType="System.String"/>
          <Column Name="LastName" DataType="System.String"/>
          <Column Name="MiddleName" DataType="System.String"/>
          <Column Name="LoginName" DataType="System.String"/>
          <Column Name="RoleID" DataType="System.Int64"/>
          <Column Name="Disabled" DataType="System.Boolean" BindableControl="CheckBox"/>
          <Column Name="CategoryWork" DataType="System.Int16"/>
          <Column Name="IsAdmin" DataType="System.Boolean" BindableControl="CheckBox"/>
          <Column Name="IsExternal" DataType="System.Boolean" BindableControl="CheckBox"/>
          <Column Name="Phone" DataType="System.String"/>
          <Column Name="Email" DataType="System.String"/>
          <Column Name="CardNumber" DataType="System.String"/>
          <Column Name="Role" DataType="null"/>
          <BusinessObjectDataSource Name="Clients2" Alias="Clients" Enabled="false" DataType="null" PropName="Clients"/>
          <BusinessObjectDataSource Name="OrderDesigners2" Alias="OrderDesigners" Enabled="false" DataType="null" PropName="OrderDesigners"/>
          <BusinessObjectDataSource Name="OrderManagers2" Alias="OrderManagers" Enabled="false" DataType="null" PropName="OrderManagers"/>
          <BusinessObjectDataSource Name="OrderOrderEntereds2" Alias="OrderOrderEntereds" Enabled="false" DataType="null" PropName="OrderOrderEntereds"/>
          <Column Name="FullUserName" DataType="System.String"/>
          <Column Name="ShortUserName" DataType="System.String"/>
        </Column>
        <BusinessObjectDataSource Name="Products" DataType="null" Enabled="true">
          <Column Name="ID" DataType="System.Int64"/>
          <Column Name="OrderID" DataType="System.Int64"/>
          <Column Name="ProductTypeID" DataType="System.Int64"/>
          <Column Name="Parameters" DataType="System.String"/>
          <Column Name="Cost" DataType="System.Decimal"/>
          <Column Name="DateTransferDesigner" DataType="null"/>
          <Column Name="DateTransferApproval" DataType="null"/>
          <Column Name="DateApproval" DataType="null"/>
          <Column Name="DateTransferProduction" DataType="null"/>
          <Column Name="DateManufacture" DataType="null"/>
          <Column Name="DateShipment" DataType="null"/>
          <Column Name="Note" DataType="System.String"/>
          <Column Name="Files" DataType="System.String"/>
          <Column Name="Quantity" DataType="System.Int16"/>
          <Column Name="Order" DataType="null"/>
          <Column Name="ProductType" DataType="null"/>
          <Column Name="ProductTypeName" DataType="System.String"/>
          <BusinessObjectDataSource Name="Costs" Enabled="false" DataType="null"/>
          <BusinessObjectDataSource Name="FilesList" Enabled="false" DataType="null"/>
          <BusinessObjectDataSource Name="ProductParameter" Enabled="false" DataType="null"/>
          <Column Name="State" DataType="System.String"/>
          <Column Name="ProductInfoForAccount" DataType="System.String"/>
        </BusinessObjectDataSource>
        <BusinessObjectDataSource Name="Payments" DataType="null" Enabled="true">
          <Column Name="Value" Enabled="false" DataType="System.RuntimeType"/>
        </BusinessObjectDataSource>
        <BusinessObjectDataSource Name="Accounts" DataType="null" Enabled="true">
          <Column Name="ID" DataType="System.Int64"/>
          <Column Name="OrderID" DataType="System.Int64"/>
          <Column Name="AccountNumber" DataType="System.String"/>
          <Column Name="AccountDate" DataType="null"/>
          <Column Name="ContractorID" DataType="null"/>
          <Column Name="Footing" DataType="System.String"/>
          <Column Name="IsManual" DataType="System.Boolean" BindableControl="CheckBox"/>
          <Column Name="Details" DataType="System.String"/>
          <Column Name="PayBeforeDate" DataType="null"/>
          <Column Name="Order" DataType="null"/>
          <Column Name="Contractor" DataType="null"/>
          <BusinessObjectDataSource Name="Acts" Enabled="false" DataType="null"/>
          <BusinessObjectDataSource Name="DetailsList" Enabled="false" DataType="null"/>
          <Column Name="ContractorName" DataType="System.String"/>
          <Column Name="ContractorInfoForAccount" DataType="System.String"/>
          <Column Name="ContractorInfoForAct" DataType="System.String"/>
        </BusinessObjectDataSource>
        <Column Name="OrderCost" DataType="System.Decimal"/>
        <Column Name="OrderPayments" DataType="System.Decimal"/>
        <Column Name="CountProduct" DataType="System.Int16"/>
        <Column Name="State" DataType="System.String"/>
      </Column>
      <Column Name="Contractor" DataType="null">
        <Column Name="ID" DataType="System.Int64"/>
        <Column Name="Name" DataType="System.String"/>
        <Column Name="DirectorName" DataType="System.String"/>
        <Column Name="DirectorPostName" DataType="System.String"/>
        <Column Name="DirectorAttorneyNumber" DataType="System.String"/>
        <Column Name="DirectorAttorneyDate" DataType="null"/>
        <Column Name="ChiefAccountant" DataType="System.String"/>
        <Column Name="ChiefAccountantPostName" DataType="System.String"/>
        <Column Name="ChiefAccountantAttorneyNumber" DataType="System.String"/>
        <Column Name="ChiefAccountantAttorneyDate" DataType="null"/>
        <Column Name="BusinessAddress" DataType="System.String"/>
        <Column Name="INN" DataType="System.String"/>
        <Column Name="KPP" DataType="System.String"/>
        <Column Name="OKPO" DataType="System.String"/>
        <Column Name="OGRN" DataType="System.String"/>
        <Column Name="BankAccount" DataType="System.String"/>
        <Column Name="BankID" DataType="null"/>
        <Column Name="AccountFileTemplate" DataType="System.String"/>
        <Column Name="Bank" DataType="null">
          <Column Name="ID" DataType="System.Int64"/>
          <Column Name="Name" DataType="System.String"/>
          <Column Name="LocalitiesID" DataType="System.Int64"/>
          <Column Name="CorrAccount" DataType="System.String"/>
          <Column Name="BIK" DataType="System.String"/>
          <Column Name="OKPO" DataType="System.String"/>
          <Column Name="OKONX" DataType="System.String"/>
          <Column Name="Localities" DataType="null"/>
          <BusinessObjectDataSource Name="Clients3" Alias="Clients" Enabled="false" DataType="null" PropName="Clients"/>
          <BusinessObjectDataSource Name="Contractors" Enabled="false" DataType="null"/>
        </Column>
        <BusinessObjectDataSource Name="Accounts1" Alias="Accounts" DataType="null" PropName="Accounts" Enabled="true">
          <Column Name="ID" DataType="System.Int64"/>
          <Column Name="OrderID" DataType="System.Int64"/>
          <Column Name="AccountNumber" DataType="System.String"/>
          <Column Name="AccountDate" DataType="null"/>
          <Column Name="ContractorID" DataType="null"/>
          <Column Name="Footing" DataType="System.String"/>
          <Column Name="IsManual" DataType="System.Boolean" BindableControl="CheckBox"/>
          <Column Name="Details" DataType="System.String"/>
          <Column Name="PayBeforeDate" DataType="null"/>
          <Column Name="Order" DataType="null"/>
          <Column Name="Contractor" DataType="null"/>
          <BusinessObjectDataSource Name="Acts1" Alias="Acts" Enabled="false" DataType="null" PropName="Acts"/>
          <BusinessObjectDataSource Name="DetailsList1" Alias="DetailsList" Enabled="false" DataType="null" PropName="DetailsList"/>
          <Column Name="ContractorName" DataType="System.String"/>
          <Column Name="ContractorInfoForAccount" DataType="System.String"/>
          <Column Name="ContractorInfoForAct" DataType="System.String"/>
        </BusinessObjectDataSource>
        <Column Name="ContractorInfoForAccount" DataType="System.String"/>
        <Column Name="ContractorInfoForAct" DataType="System.String"/>
        <Column Name="DirectorShortName" DataType="System.String"/>
        <Column Name="ChiefAccountantShortName" DataType="System.String"/>
      </Column>
      <BusinessObjectDataSource Name="Acts2" Alias="Acts" DataType="null" PropName="Acts" Enabled="true">
        <Column Name="ID" DataType="System.Int64"/>
        <Column Name="AccountID" DataType="System.Int64"/>
        <Column Name="ActNumber" DataType="System.String"/>
        <Column Name="ActDate" DataType="null"/>
        <Column Name="ProductInAct" DataType="System.String"/>
        <Column Name="Account" DataType="null">
          <Column Name="ID" DataType="System.Int64"/>
          <Column Name="OrderID" DataType="System.Int64"/>
          <Column Name="AccountNumber" DataType="System.String"/>
          <Column Name="AccountDate" DataType="null"/>
          <Column Name="ContractorID" DataType="null"/>
          <Column Name="Footing" DataType="System.String"/>
          <Column Name="IsManual" DataType="System.Boolean" BindableControl="CheckBox"/>
          <Column Name="Details" DataType="System.String"/>
          <Column Name="PayBeforeDate" DataType="null"/>
          <Column Name="Order" DataType="null"/>
          <Column Name="Contractor" DataType="null"/>
          <BusinessObjectDataSource Name="Acts3" Alias="Acts" Enabled="false" DataType="null" PropName="Acts"/>
          <BusinessObjectDataSource Name="DetailsList2" Alias="DetailsList" Enabled="false" DataType="null" PropName="DetailsList"/>
          <Column Name="ContractorName" DataType="System.String"/>
          <Column Name="ContractorInfoForAccount" DataType="System.String"/>
          <Column Name="ContractorInfoForAct" DataType="System.String"/>
        </Column>
        <BusinessObjectDataSource Name="ListProductInAct" DataType="null" Enabled="true">
          <Column Name="Value" Enabled="false" DataType="System.RuntimeType"/>
        </BusinessObjectDataSource>
        <BusinessObjectDataSource Name="DetailsList3" Alias="DetailsList" DataType="null" PropName="DetailsList" Enabled="true">
          <Column Name="ProductInfoForAccount" DataType="System.String"/>
          <Column Name="Quantity" DataType="System.Int16"/>
          <Column Name="UnitName" DataType="System.String"/>
          <Column Name="PricePerUnit" DataType="System.Decimal"/>
          <Column Name="Cost" DataType="System.Decimal"/>
        </BusinessObjectDataSource>
      </BusinessObjectDataSource>
      <BusinessObjectDataSource Name="DetailsList4" Alias="DetailsList" DataType="null" PropName="DetailsList" Enabled="true">
        <Column Name="ProductInfoForAccount" DataType="System.String"/>
        <Column Name="Quantity" DataType="System.Int16"/>
        <Column Name="UnitName" DataType="System.String"/>
        <Column Name="PricePerUnit" DataType="System.Decimal"/>
        <Column Name="Cost" DataType="System.Decimal"/>
      </BusinessObjectDataSource>
      <Column Name="ContractorName" DataType="System.String"/>
      <Column Name="ContractorInfoForAccount" DataType="System.String"/>
      <Column Name="ContractorInfoForAct" DataType="System.String"/>
    </Column>
    <BusinessObjectDataSource Name="ListProductInAct1" Alias="ListProductInAct" DataType="null" PropName="ListProductInAct" Enabled="true">
      <Column Name="Value" Enabled="false" DataType="System.RuntimeType"/>
    </BusinessObjectDataSource>
    <BusinessObjectDataSource Name="DetailsList5" Alias="DetailsList" DataType="null" PropName="DetailsList" Enabled="true">
      <Column Name="ProductInfoForAccount" DataType="System.String"/>
      <Column Name="Quantity" DataType="System.Int16"/>
      <Column Name="UnitName" DataType="System.String"/>
      <Column Name="PricePerUnit" DataType="System.Decimal"/>
      <Column Name="Cost" DataType="System.Decimal"/>
    </BusinessObjectDataSource>
  </BusinessObjectDataSource>
</Dictionary>
